Analysis & Elaboration report for Lab11
Sat Jun 05 22:59:09 2021
Quartus Prime Version 20.1.1 Build 720 11/11/2020 SJ Lite Edition


---------------------
; Table of Contents ;
---------------------
  1. Legal Notice
  2. Analysis & Elaboration Summary
  3. Parallel Compilation
  4. Analysis & Elaboration Settings
  5. Analysis & Elaboration Messages



----------------
; Legal Notice ;
----------------
Copyright (C) 2020  Intel Corporation. All rights reserved.
Your use of Intel Corporation's design tools, logic functions 
and other software and tools, and any partner logic 
functions, and any output files from any of the foregoing 
(including device programming or simulation files), and any 
associated documentation or information are expressly subject 
to the terms and conditions of the Intel Program License 
Subscription Agreement, the Intel Quartus Prime License Agreement,
the Intel FPGA IP License Agreement, or other applicable license
agreement, including, without limitation, that your use is for
the sole purpose of programming logic devices manufactured by
Intel and sold by Intel or its authorized distributors.  Please
refer to the applicable agreement for further details, at
https://fpgasoftware.intel.com/eula.



+----------------------------------------------------------------------------------+
; Analysis & Elaboration Summary                                                   ;
+------------------------------------+---------------------------------------------+
; Analysis & Elaboration Status      ; Successful - Sat Jun 05 22:59:09 2021       ;
; Quartus Prime Version              ; 20.1.1 Build 720 11/11/2020 SJ Lite Edition ;
; Revision Name                      ; Lab11                                       ;
; Top-level Entity Name              ; Lab11                                       ;
; Family                             ; Cyclone IV E                                ;
; Total logic elements               ; N/A until Partition Merge                   ;
;     Total combinational functions  ; N/A until Partition Merge                   ;
;     Dedicated logic registers      ; N/A until Partition Merge                   ;
; Total registers                    ; N/A until Partition Merge                   ;
; Total pins                         ; N/A until Partition Merge                   ;
; Total virtual pins                 ; N/A until Partition Merge                   ;
; Total memory bits                  ; N/A until Partition Merge                   ;
; Embedded Multiplier 9-bit elements ; N/A until Partition Merge                   ;
; Total PLLs                         ; N/A until Partition Merge                   ;
+------------------------------------+---------------------------------------------+


+------------------------------------------+
; Parallel Compilation                     ;
+----------------------------+-------------+
; Processors                 ; Number      ;
+----------------------------+-------------+
; Number detected on machine ; 8           ;
; Maximum allowed            ; 4           ;
;                            ;             ;
; Average used               ; 1.00        ;
; Maximum used               ; 1           ;
;                            ;             ;
; Usage by Processor         ; % Time Used ;
;     Processor 1            ; 100.0%      ;
+----------------------------+-------------+


+------------------------------------------------------------------------------------------------------------+
; Analysis & Elaboration Settings                                                                            ;
+------------------------------------------------------------------+--------------------+--------------------+
; Option                                                           ; Setting            ; Default Value      ;
+------------------------------------------------------------------+--------------------+--------------------+
; Device                                                           ; EP4CE6E22C8        ;                    ;
; Top-level entity name                                            ; Lab11              ; Lab11              ;
; Family name                                                      ; Cyclone IV E       ; Cyclone V          ;
; Use smart compilation                                            ; Off                ; Off                ;
; Enable parallel Assembler and Timing Analyzer during compilation ; On                 ; On                 ;
; Enable compact report table                                      ; Off                ; Off                ;
; Restructure Multiplexers                                         ; Auto               ; Auto               ;
; Create Debugging Nodes for IP Cores                              ; Off                ; Off                ;
; Preserve fewer node names                                        ; On                 ; On                 ;
; Intel FPGA IP Evaluation Mode                                    ; Enable             ; Enable             ;
; Verilog Version                                                  ; Verilog_2001       ; Verilog_2001       ;
; VHDL Version                                                     ; VHDL_1993          ; VHDL_1993          ;
; State Machine Processing                                         ; Auto               ; Auto               ;
; Safe State Machine                                               ; Off                ; Off                ;
; Extract Verilog State Machines                                   ; On                 ; On                 ;
; Extract VHDL State Machines                                      ; On                 ; On                 ;
; Ignore Verilog initial constructs                                ; Off                ; Off                ;
; Iteration limit for constant Verilog loops                       ; 5000               ; 5000               ;
; Iteration limit for non-constant Verilog loops                   ; 250                ; 250                ;
; Add Pass-Through Logic to Inferred RAMs                          ; On                 ; On                 ;
; Infer RAMs from Raw Logic                                        ; On                 ; On                 ;
; Parallel Synthesis                                               ; On                 ; On                 ;
; DSP Block Balancing                                              ; Auto               ; Auto               ;
; NOT Gate Push-Back                                               ; On                 ; On                 ;
; Power-Up Don't Care                                              ; On                 ; On                 ;
; Remove Redundant Logic Cells                                     ; Off                ; Off                ;
; Remove Duplicate Registers                                       ; On                 ; On                 ;
; Ignore CARRY Buffers                                             ; Off                ; Off                ;
; Ignore CASCADE Buffers                                           ; Off                ; Off                ;
; Ignore GLOBAL Buffers                                            ; Off                ; Off                ;
; Ignore ROW GLOBAL Buffers                                        ; Off                ; Off                ;
; Ignore LCELL Buffers                                             ; Off                ; Off                ;
; Ignore SOFT Buffers                                              ; On                 ; On                 ;
; Limit AHDL Integers to 32 Bits                                   ; Off                ; Off                ;
; Optimization Technique                                           ; Balanced           ; Balanced           ;
; Carry Chain Length                                               ; 70                 ; 70                 ;
; Auto Carry Chains                                                ; On                 ; On                 ;
; Auto Open-Drain Pins                                             ; On                 ; On                 ;
; Perform WYSIWYG Primitive Resynthesis                            ; Off                ; Off                ;
; Auto ROM Replacement                                             ; On                 ; On                 ;
; Auto RAM Replacement                                             ; On                 ; On                 ;
; Auto DSP Block Replacement                                       ; On                 ; On                 ;
; Auto Shift Register Replacement                                  ; Auto               ; Auto               ;
; Allow Shift Register Merging across Hierarchies                  ; Auto               ; Auto               ;
; Auto Clock Enable Replacement                                    ; On                 ; On                 ;
; Strict RAM Replacement                                           ; Off                ; Off                ;
; Allow Synchronous Control Signals                                ; On                 ; On                 ;
; Force Use of Synchronous Clear Signals                           ; Off                ; Off                ;
; Auto RAM Block Balancing                                         ; On                 ; On                 ;
; Auto RAM to Logic Cell Conversion                                ; Off                ; Off                ;
; Auto Resource Sharing                                            ; Off                ; Off                ;
; Allow Any RAM Size For Recognition                               ; Off                ; Off                ;
; Allow Any ROM Size For Recognition                               ; Off                ; Off                ;
; Allow Any Shift Register Size For Recognition                    ; Off                ; Off                ;
; Use LogicLock Constraints during Resource Balancing              ; On                 ; On                 ;
; Ignore translate_off and synthesis_off directives                ; Off                ; Off                ;
; Timing-Driven Synthesis                                          ; On                 ; On                 ;
; Report Parameter Settings                                        ; On                 ; On                 ;
; Report Source Assignments                                        ; On                 ; On                 ;
; Report Connectivity Checks                                       ; On                 ; On                 ;
; Ignore Maximum Fan-Out Assignments                               ; Off                ; Off                ;
; Synchronization Register Chain Length                            ; 2                  ; 2                  ;
; Power Optimization During Synthesis                              ; Normal compilation ; Normal compilation ;
; HDL message level                                                ; Level2             ; Level2             ;
; Suppress Register Optimization Related Messages                  ; Off                ; Off                ;
; Number of Removed Registers Reported in Synthesis Report         ; 5000               ; 5000               ;
; Number of Swept Nodes Reported in Synthesis Report               ; 5000               ; 5000               ;
; Number of Inverted Registers Reported in Synthesis Report        ; 100                ; 100                ;
; Clock MUX Protection                                             ; On                 ; On                 ;
; Auto Gated Clock Conversion                                      ; Off                ; Off                ;
; Block Design Naming                                              ; Auto               ; Auto               ;
; SDC constraint protection                                        ; Off                ; Off                ;
; Synthesis Effort                                                 ; Auto               ; Auto               ;
; Shift Register Replacement - Allow Asynchronous Clear Signal     ; On                 ; On                 ;
; Pre-Mapping Resynthesis Optimization                             ; Off                ; Off                ;
; Analysis & Synthesis Message Level                               ; Medium             ; Medium             ;
; Disable Register Merging Across Hierarchies                      ; Auto               ; Auto               ;
; Resource Aware Inference For Block RAM                           ; On                 ; On                 ;
+------------------------------------------------------------------+--------------------+--------------------+


+---------------------------------+
; Analysis & Elaboration Messages ;
+---------------------------------+
Info: *******************************************************************
Info: Running Quartus Prime Analysis & Elaboration
    Info: Version 20.1.1 Build 720 11/11/2020 SJ Lite Edition
    Info: Processing started: Sat Jun 05 22:58:58 2021
Info: Command: quartus_map --read_settings_files=on --write_settings_files=off Lab11 -c Lab11 --analysis_and_elaboration
Warning (18236): Number of processors has not been specified which may cause overloading on shared machines.  Set the global assignment NUM_PARALLEL_PROCESSORS in your QSF to an appropriate value for best performance.
Info (20030): Parallel compilation is enabled and will use 4 of the 4 processors detected
Info (12021): Found 2 design units, including 1 entities, in source file lab11.vhd
    Info (12022): Found design unit 1: Lab11-Lab11_arch File: C:/Users/Evandro Capovilla/Desktop/Circuitos Logicos/LAB11/q1 - lab11/Projeto/Lab11.vhd Line: 14
    Info (12023): Found entity 1: Lab11 File: C:/Users/Evandro Capovilla/Desktop/Circuitos Logicos/LAB11/q1 - lab11/Projeto/Lab11.vhd Line: 5
Info (12021): Found 2 design units, including 1 entities, in source file lab11_tb.vhd
    Info (12022): Found design unit 1: Lab11_tb-Lab11_tb_arch File: C:/Users/Evandro Capovilla/Desktop/Circuitos Logicos/LAB11/q1 - lab11/Projeto/Lab11_tb.vhd Line: 8
    Info (12023): Found entity 1: Lab11_tb File: C:/Users/Evandro Capovilla/Desktop/Circuitos Logicos/LAB11/q1 - lab11/Projeto/Lab11_tb.vhd Line: 5
Info (12127): Elaborating entity "Lab11" for the top level hierarchy
Warning (10492): VHDL Process Statement warning at Lab11.vhd(19): signal "instruction" is read inside the Process Statement but isn't in the Process Statement's sensitivity list File: C:/Users/Evandro Capovilla/Desktop/Circuitos Logicos/LAB11/q1 - lab11/Projeto/Lab11.vhd Line: 19
Warning (10492): VHDL Process Statement warning at Lab11.vhd(20): signal "instruction" is read inside the Process Statement but isn't in the Process Statement's sensitivity list File: C:/Users/Evandro Capovilla/Desktop/Circuitos Logicos/LAB11/q1 - lab11/Projeto/Lab11.vhd Line: 20
Warning (10492): VHDL Process Statement warning at Lab11.vhd(21): signal "instruction" is read inside the Process Statement but isn't in the Process Statement's sensitivity list File: C:/Users/Evandro Capovilla/Desktop/Circuitos Logicos/LAB11/q1 - lab11/Projeto/Lab11.vhd Line: 21
Warning (10492): VHDL Process Statement warning at Lab11.vhd(22): signal "instruction" is read inside the Process Statement but isn't in the Process Statement's sensitivity list File: C:/Users/Evandro Capovilla/Desktop/Circuitos Logicos/LAB11/q1 - lab11/Projeto/Lab11.vhd Line: 22
Warning (10492): VHDL Process Statement warning at Lab11.vhd(23): signal "instruction" is read inside the Process Statement but isn't in the Process Statement's sensitivity list File: C:/Users/Evandro Capovilla/Desktop/Circuitos Logicos/LAB11/q1 - lab11/Projeto/Lab11.vhd Line: 23
Warning (10492): VHDL Process Statement warning at Lab11.vhd(24): signal "instruction" is read inside the Process Statement but isn't in the Process Statement's sensitivity list File: C:/Users/Evandro Capovilla/Desktop/Circuitos Logicos/LAB11/q1 - lab11/Projeto/Lab11.vhd Line: 24
Warning (10492): VHDL Process Statement warning at Lab11.vhd(25): signal "instruction" is read inside the Process Statement but isn't in the Process Statement's sensitivity list File: C:/Users/Evandro Capovilla/Desktop/Circuitos Logicos/LAB11/q1 - lab11/Projeto/Lab11.vhd Line: 25
Warning (10492): VHDL Process Statement warning at Lab11.vhd(26): signal "instruction" is read inside the Process Statement but isn't in the Process Statement's sensitivity list File: C:/Users/Evandro Capovilla/Desktop/Circuitos Logicos/LAB11/q1 - lab11/Projeto/Lab11.vhd Line: 26
Warning (10492): VHDL Process Statement warning at Lab11.vhd(27): signal "instruction" is read inside the Process Statement but isn't in the Process Statement's sensitivity list File: C:/Users/Evandro Capovilla/Desktop/Circuitos Logicos/LAB11/q1 - lab11/Projeto/Lab11.vhd Line: 27
Warning (10492): VHDL Process Statement warning at Lab11.vhd(28): signal "instruction" is read inside the Process Statement but isn't in the Process Statement's sensitivity list File: C:/Users/Evandro Capovilla/Desktop/Circuitos Logicos/LAB11/q1 - lab11/Projeto/Lab11.vhd Line: 28
Warning (10492): VHDL Process Statement warning at Lab11.vhd(29): signal "instruction" is read inside the Process Statement but isn't in the Process Statement's sensitivity list File: C:/Users/Evandro Capovilla/Desktop/Circuitos Logicos/LAB11/q1 - lab11/Projeto/Lab11.vhd Line: 29
Warning (10492): VHDL Process Statement warning at Lab11.vhd(30): signal "instruction" is read inside the Process Statement but isn't in the Process Statement's sensitivity list File: C:/Users/Evandro Capovilla/Desktop/Circuitos Logicos/LAB11/q1 - lab11/Projeto/Lab11.vhd Line: 30
Warning (10492): VHDL Process Statement warning at Lab11.vhd(31): signal "instruction" is read inside the Process Statement but isn't in the Process Statement's sensitivity list File: C:/Users/Evandro Capovilla/Desktop/Circuitos Logicos/LAB11/q1 - lab11/Projeto/Lab11.vhd Line: 31
Warning (10492): VHDL Process Statement warning at Lab11.vhd(32): signal "instruction" is read inside the Process Statement but isn't in the Process Statement's sensitivity list File: C:/Users/Evandro Capovilla/Desktop/Circuitos Logicos/LAB11/q1 - lab11/Projeto/Lab11.vhd Line: 32
Warning (10492): VHDL Process Statement warning at Lab11.vhd(33): signal "instruction" is read inside the Process Statement but isn't in the Process Statement's sensitivity list File: C:/Users/Evandro Capovilla/Desktop/Circuitos Logicos/LAB11/q1 - lab11/Projeto/Lab11.vhd Line: 33
Warning (10492): VHDL Process Statement warning at Lab11.vhd(34): signal "instruction" is read inside the Process Statement but isn't in the Process Statement's sensitivity list File: C:/Users/Evandro Capovilla/Desktop/Circuitos Logicos/LAB11/q1 - lab11/Projeto/Lab11.vhd Line: 34
Warning (10492): VHDL Process Statement warning at Lab11.vhd(37): signal "instruction" is read inside the Process Statement but isn't in the Process Statement's sensitivity list File: C:/Users/Evandro Capovilla/Desktop/Circuitos Logicos/LAB11/q1 - lab11/Projeto/Lab11.vhd Line: 37
Info (10635): VHDL Report Statement at Lab11.vhd(37): "Valor de data = 0" (NOTE) File: C:/Users/Evandro Capovilla/Desktop/Circuitos Logicos/LAB11/q1 - lab11/Projeto/Lab11.vhd Line: 37
Info: Quartus Prime Analysis & Elaboration was successful. 0 errors, 18 warnings
    Info: Peak virtual memory: 4773 megabytes
    Info: Processing ended: Sat Jun 05 22:59:09 2021
    Info: Elapsed time: 00:00:11
    Info: Total CPU time (on all processors): 00:00:28


